Unity Editor version:    2022.3.7f1 (b16b3b16c7a0)
Branch:                  2022.3/staging
Build type:              Release
Batch mode:              YES
macOS version:           Version 12.6.7 (Build 21G651)
Darwin version:          21.6.0
Architecture:            x86_64
Running under Rosetta:   NO
Available memory:        40960 MB
Using pre-set license
Pro License: YES

COMMAND LINE ARGUMENTS:
/Applications/Unity/Hub/Editor/2022.3.7f1/Unity.app/Contents/MacOS/Unity
-adb2
-batchMode
-noUpm
-name
AssetImportWorker1
-projectPath
/Users/bill/Downloads/08-Lighting
-logFile
Logs/AssetImportWorker1.log
-srvPort
50651
Successfully changed project path to: /Users/bill/Downloads/08-Lighting
/Users/bill/Downloads/08-Lighting
[UnityMemory] Configuration Parameters - Can be set up in boot.config
    "memorysetup-bucket-allocator-granularity=16"
    "memorysetup-bucket-allocator-bucket-count=8"
    "memorysetup-bucket-allocator-block-size=33554432"
    "memorysetup-bucket-allocator-block-count=8"
    "memorysetup-main-allocator-block-size=16777216"
    "memorysetup-thread-allocator-block-size=16777216"
    "memorysetup-gfx-main-allocator-block-size=16777216"
    "memorysetup-gfx-thread-allocator-block-size=16777216"
    "memorysetup-cache-allocator-block-size=4194304"
    "memorysetup-typetree-allocator-block-size=2097152"
    "memorysetup-profiler-bucket-allocator-granularity=16"
    "memorysetup-profiler-bucket-allocator-bucket-count=8"
    "memorysetup-profiler-bucket-allocator-block-size=33554432"
    "memorysetup-profiler-bucket-allocator-block-count=8"
    "memorysetup-profiler-allocator-block-size=16777216"
    "memorysetup-profiler-editor-allocator-block-size=1048576"
    "memorysetup-temp-allocator-size-main=16777216"
    "memorysetup-job-temp-allocator-block-size=2097152"
    "memorysetup-job-temp-allocator-block-size-background=1048576"
    "memorysetup-job-temp-allocator-reduction-small-platforms=262144"
    "memorysetup-allocator-temp-initial-block-size-main=262144"
    "memorysetup-allocator-temp-initial-block-size-worker=262144"
    "memorysetup-temp-allocator-size-background-worker=32768"
    "memorysetup-temp-allocator-size-job-worker=262144"
    "memorysetup-temp-allocator-size-preload-manager=33554432"
    "memorysetup-temp-allocator-size-nav-mesh-worker=65536"
    "memorysetup-temp-allocator-size-audio-worker=65536"
    "memorysetup-temp-allocator-size-cloud-worker=32768"
    "memorysetup-temp-allocator-size-gi-baking-worker=262144"
    "memorysetup-temp-allocator-size-gfx=262144"
Player connection [4633114112] Host "[IP] 192.168.1.190 [Port] 0 [Flags] 2 [Guid] 2813400010 [EditorId] 2813400010 [Version] 1048832 [Id] OSXEditor(0,Jennifers-iMac.fios-router.home) [Debug] 1 [PackageName] OSXEditor [ProjectName] Editor" joined multi-casting on [225.0.0.222:54997]...

Player connection [4633114112] Host "[IP] 192.168.1.190 [Port] 0 [Flags] 2 [Guid] 2813400010 [EditorId] 2813400010 [Version] 1048832 [Id] OSXEditor(0,Jennifers-iMac.fios-router.home) [Debug] 1 [PackageName] OSXEditor [ProjectName] Editor" joined alternative multi-casting on [225.0.0.222:34997]...

Refreshing native plugins compatible for Editor in 7.81 ms, found 2 plugins.
Preloading 0 native plugins for Editor in 0.00 ms.
Initialize engine version: 2022.3.7f1 (b16b3b16c7a0)
[Subsystems] Discovering subsystems at path /Applications/Unity/Hub/Editor/2022.3.7f1/Unity.app/Contents/Resources/UnitySubsystems
[Subsystems] Discovering subsystems at path /Users/bill/Downloads/08-Lighting/Assets
GfxDevice: creating device client; threaded=0; jobified=0
iMac preferred device: AMD Radeon Pro 5300 (high power)
Metal devices available: 1
0: AMD Radeon Pro 5300 (high power)
Using device AMD Radeon Pro 5300 (high power)
Initializing Metal device caps: AMD Radeon Pro 5300
Initialize mono
Mono path[0] = '/Applications/Unity/Hub/Editor/2022.3.7f1/Unity.app/Contents/Managed'
Mono path[1] = '/Applications/Unity/Hub/Editor/2022.3.7f1/Unity.app/Contents/MonoBleedingEdge/lib/mono/unityjit-macos'
Mono config path = '/Applications/Unity/Hub/Editor/2022.3.7f1/Unity.app/Contents/MonoBleedingEdge/etc'
Using monoOptions --debugger-agent=transport=dt_socket,embedding=1,server=y,suspend=n,address=127.0.0.1:56371
Begin MonoManager ReloadAssembly
Registering precompiled unity dll's ...
Register platform support module: /Applications/Unity/Hub/Editor/2022.3.7f1/PlaybackEngines/WebGLSupport/UnityEditor.WebGL.Extensions.dll
Register platform support module: /Applications/Unity/Hub/Editor/2022.3.7f1/Unity.app/Contents/PlaybackEngines/MacStandaloneSupport/UnityEditor.OSXStandalone.Extensions.dll
Registered in 0.005526 seconds.
- Loaded All Assemblies, in  0.473 seconds
Native extension for OSXStandalone target not found
Native extension for WebGL target not found
Mono: successfully reloaded assembly
- Finished resetting the current domain, in  0.289 seconds
Domain Reload Profiling: 762ms
	BeginReloadAssembly (169ms)
		ExecutionOrderSort (0ms)
		DisableScriptedObjects (0ms)
		BackupInstance (0ms)
		ReleaseScriptingObjects (0ms)
		CreateAndSetChildDomain (1ms)
	RebuildCommonClasses (47ms)
	RebuildNativeTypeToScriptingClass (12ms)
	initialDomainReloadingComplete (61ms)
	LoadAllAssembliesAndSetupDomain (183ms)
		LoadAssemblies (170ms)
		RebuildTransferFunctionScriptingTraits (0ms)
		AnalyzeDomain (179ms)
			TypeCache.Refresh (176ms)
				TypeCache.ScanAssembly (160ms)
			ScanForSourceGeneratedMonoScriptInfo (0ms)
			ResolveRequiredComponents (0ms)
	FinalizeReload (290ms)
		ReleaseScriptCaches (0ms)
		RebuildScriptCaches (0ms)
		SetupLoadedEditorAssemblies (220ms)
			LogAssemblyErrors (0ms)
			InitializePlatformSupportModulesInManaged (8ms)
			SetLoadedEditorAssemblies (6ms)
			RefreshPlugins (0ms)
			BeforeProcessingInitializeOnLoad (2ms)
			ProcessInitializeOnLoadAttributes (151ms)
			ProcessInitializeOnLoadMethodAttributes (52ms)
			AfterProcessingInitializeOnLoad (0ms)
			EditorAssembliesLoaded (0ms)
		ExecutionOrderSort2 (0ms)
		AwakeInstancesAfterBackupRestoration (0ms)
========================================================================
Worker process is ready to serve import requests
Begin MonoManager ReloadAssembly
- Loaded All Assemblies, in  0.687 seconds
Refreshing native plugins compatible for Editor in 0.46 ms, found 2 plugins.
Native extension for OSXStandalone target not found
Native extension for WebGL target not found
Mono: successfully reloaded assembly
- Finished resetting the current domain, in  0.524 seconds
Domain Reload Profiling: 1212ms
	BeginReloadAssembly (187ms)
		ExecutionOrderSort (0ms)
		DisableScriptedObjects (8ms)
		BackupInstance (0ms)
		ReleaseScriptingObjects (0ms)
		CreateAndSetChildDomain (36ms)
	RebuildCommonClasses (49ms)
	RebuildNativeTypeToScriptingClass (14ms)
	initialDomainReloadingComplete (45ms)
	LoadAllAssembliesAndSetupDomain (393ms)
		LoadAssemblies (374ms)
		RebuildTransferFunctionScriptingTraits (0ms)
		AnalyzeDomain (115ms)
			TypeCache.Refresh (100ms)
				TypeCache.ScanAssembly (85ms)
			ScanForSourceGeneratedMonoScriptInfo (8ms)
			ResolveRequiredComponents (4ms)
	FinalizeReload (525ms)
		ReleaseScriptCaches (0ms)
		RebuildScriptCaches (0ms)
		SetupLoadedEditorAssemblies (344ms)
			LogAssemblyErrors (0ms)
			InitializePlatformSupportModulesInManaged (5ms)
			SetLoadedEditorAssemblies (4ms)
			RefreshPlugins (0ms)
			BeforeProcessingInitializeOnLoad (39ms)
			ProcessInitializeOnLoadAttributes (271ms)
			ProcessInitializeOnLoadMethodAttributes (24ms)
			AfterProcessingInitializeOnLoad (1ms)
			EditorAssembliesLoaded (0ms)
		ExecutionOrderSort2 (0ms)
		AwakeInstancesAfterBackupRestoration (5ms)
Launching external process: /Applications/Unity/Hub/Editor/2022.3.7f1/Unity.app/Contents/Tools/UnityShaderCompiler
Launched and connected shader compiler UnityShaderCompiler after 0.05 seconds
Refreshing native plugins compatible for Editor in 0.42 ms, found 2 plugins.
Preloading 0 native plugins for Editor in 0.00 ms.
Unloading 1388 Unused Serialized files (Serialized files now loaded: 0)
Unloading 21 unused Assets / (50.7 KB). Loaded Objects now: 1856.
Memory consumption went from 159.3 MB to 159.3 MB.
Total: 3.156270 ms (FindLiveObjects: 0.153944 ms CreateObjectMapping: 0.158862 ms MarkObjects: 2.748555 ms  DeleteObjects: 0.094049 ms)

AssetImportParameters requested are different than current active one (requested -> active):
  custom:video-encoder-webm-vp8: eb34c28f22e8b96e1ab97ce403110664 -> 
  custom:video-decoder-webm-vp8: 9c59270c3fd7afecdb556c50c9e8de78 -> 
  custom:audio-decoder-ogg-vorbis: bf7c407c2cedff20999df2af8eb42d56 -> 
  custom:container-demuxer-ogg: 62fdf1f143b41e24485cea50d1cbac27 -> 
  custom:AudioImporter_EditorPlatform: 3918e3fc78b5a79bad01e8451be0beb8 -> 
  custom:container-demuxer-webm: 4f35f7cbe854078d1ac9338744f61a02 -> 
  custom:video-decoder-ogg-theora: a1e56fd34408186e4bbccfd4996cb3dc -> 
  custom:audio-encoder-webm-vorbis: bf7c407c2cedff20999df2af8eb42d56 -> 
  custom:framework-osx-AVFoundation: e770b220cccbd017edd2c1fefb359320 -> 
  custom:container-muxer-webm: aa71ff27fc2769a1b78a27578f13a17b -> 
========================================================================
Received Import Request.
  Time since last request: 4853754.700553 seconds.
  path: Assets/Textures/dungeon_set_02_atlas_alpha.tga
  artifactKey: Guid(0907ca786db104c40a483fae449a615c) Importer(815301076,1909f56bfc062723c751e8b465ee728b)
Start importing Assets/Textures/dungeon_set_02_atlas_alpha.tga using Guid(0907ca786db104c40a483fae449a615c) Importer(815301076,1909f56bfc062723c751e8b465ee728b)  -> (artifact id: 'ad39e28578465f7d0dcfc812483ceca6') in 0.117462 seconds
Number of updated asset objects reloaded before import = 0
Number of asset objects unloaded after import = 2
========================================================================
Received Import Request.
  Time since last request: 8.723496 seconds.
  path: Assets/Models/Mobile/mobile_bone_02.fbx
  artifactKey: Guid(deb53f6b37e374f63b72a793e51f9d8c) Importer(815301076,1909f56bfc062723c751e8b465ee728b)
Start importing Assets/Models/Mobile/mobile_bone_02.fbx using Guid(deb53f6b37e374f63b72a793e51f9d8c) Importer(815301076,1909f56bfc062723c751e8b465ee728b)  -> (artifact id: 'd9b5bbcc267bae56ffda0c690f7873f4') in 0.362499 seconds
Number of updated asset objects reloaded before import = 0
Number of asset objects unloaded after import = 9
========================================================================
Received Import Request.
  Time since last request: 0.000045 seconds.
  path: Assets/Models/Mobile/mobile_step_wall_02.fbx
  artifactKey: Guid(14828eb8497b1408c94a50209dcf85ff) Importer(815301076,1909f56bfc062723c751e8b465ee728b)
Start importing Assets/Models/Mobile/mobile_step_wall_02.fbx using Guid(14828eb8497b1408c94a50209dcf85ff) Importer(815301076,1909f56bfc062723c751e8b465ee728b)  -> (artifact id: '811213b66db9a31755c5fe53135523e6') in 0.019546 seconds
Number of updated asset objects reloaded before import = 0
Number of asset objects unloaded after import = 9
========================================================================
Received Import Request.
  Time since last request: 0.000034 seconds.
  path: Assets/Models/Mobile/mobile_pyramid_small.fbx
  artifactKey: Guid(f40e2c20a89f4417b8e2878f44de9633) Importer(815301076,1909f56bfc062723c751e8b465ee728b)
Start importing Assets/Models/Mobile/mobile_pyramid_small.fbx using Guid(f40e2c20a89f4417b8e2878f44de9633) Importer(815301076,1909f56bfc062723c751e8b465ee728b)  -> (artifact id: 'fbaa3d22971ef66b141fdedcda6b7e71') in 0.019328 seconds
Number of updated asset objects reloaded before import = 0
Number of asset objects unloaded after import = 9
========================================================================
Received Import Request.
  Time since last request: 0.000042 seconds.
  path: Assets/Models/Mobile/mobile_step_wall_corner_concave.fbx
  artifactKey: Guid(35459aa9783b942a3b0bcfed5308ec31) Importer(815301076,1909f56bfc062723c751e8b465ee728b)
Start importing Assets/Models/Mobile/mobile_step_wall_corner_concave.fbx using Guid(35459aa9783b942a3b0bcfed5308ec31) Importer(815301076,1909f56bfc062723c751e8b465ee728b)  -> (artifact id: '8603afc7c8f23d65e9e4d24ac7f00570') in 0.018988 seconds
Number of updated asset objects reloaded before import = 0
Number of asset objects unloaded after import = 9
========================================================================
Received Import Request.
  Time since last request: 0.000042 seconds.
  path: Assets/Models/Mobile/mobile_pillar_03.fbx
  artifactKey: Guid(a9da9b288b5bc4d7797ddd9bd033dfb0) Importer(815301076,1909f56bfc062723c751e8b465ee728b)
Start importing Assets/Models/Mobile/mobile_pillar_03.fbx using Guid(a9da9b288b5bc4d7797ddd9bd033dfb0) Importer(815301076,1909f56bfc062723c751e8b465ee728b)  -> (artifact id: 'bf7169d0968513d0dfbad6af51c71287') in 0.021919 seconds
Number of updated asset objects reloaded before import = 0
Number of asset objects unloaded after import = 9
========================================================================
Received Import Request.
  Time since last request: 0.000062 seconds.
  path: Assets/Models/Mobile/mobile_house.fbx
  artifactKey: Guid(9bd1acd418029409394112ed80c4c028) Importer(815301076,1909f56bfc062723c751e8b465ee728b)
Start importing Assets/Models/Mobile/mobile_house.fbx using Guid(9bd1acd418029409394112ed80c4c028) Importer(815301076,1909f56bfc062723c751e8b465ee728b)  -> (artifact id: '2366d514b928b444ba6e05e9bea6e4de') in 0.019918 seconds
Number of updated asset objects reloaded before import = 0
Number of asset objects unloaded after import = 9
========================================================================
Received Import Request.
  Time since last request: 0.000065 seconds.
  path: Assets/Models/Mobile/mobile_stair_tile_2_wide.fbx
  artifactKey: Guid(4689530a03070416bb041cfc4145d411) Importer(815301076,1909f56bfc062723c751e8b465ee728b)
Start importing Assets/Models/Mobile/mobile_stair_tile_2_wide.fbx using Guid(4689530a03070416bb041cfc4145d411) Importer(815301076,1909f56bfc062723c751e8b465ee728b)  -> (artifact id: '0287f50709e1622b465eb33287a8f2de') in 0.024091 seconds
Number of updated asset objects reloaded before import = 0
Number of asset objects unloaded after import = 9
========================================================================
Received Import Request.
  Time since last request: 0.000049 seconds.
  path: Assets/Models/Mobile/mobile_step_wall_corner_convex.fbx
  artifactKey: Guid(5413ef5d2b4204e2980019134bad36ff) Importer(815301076,1909f56bfc062723c751e8b465ee728b)
Start importing Assets/Models/Mobile/mobile_step_wall_corner_convex.fbx using Guid(5413ef5d2b4204e2980019134bad36ff) Importer(815301076,1909f56bfc062723c751e8b465ee728b)  -> (artifact id: '5e3905df42a1a246d09b36d0b46f7f37') in 0.021228 seconds
Number of updated asset objects reloaded before import = 0
Number of asset objects unloaded after import = 9
========================================================================
Received Import Request.
  Time since last request: 0.000050 seconds.
  path: Assets/Models/Mobile/mobile_scaffolding_07.fbx
  artifactKey: Guid(7cb48c9e72be34cacb3a76810e2bf7f5) Importer(815301076,1909f56bfc062723c751e8b465ee728b)
Start importing Assets/Models/Mobile/mobile_scaffolding_07.fbx using Guid(7cb48c9e72be34cacb3a76810e2bf7f5) Importer(815301076,1909f56bfc062723c751e8b465ee728b)  -> (artifact id: '5d43295aa5b5f6a034804cc4e2566b2d') in 0.022771 seconds
Number of updated asset objects reloaded before import = 0
Number of asset objects unloaded after import = 9
========================================================================
Received Import Request.
  Time since last request: 0.000050 seconds.
  path: Assets/Models/Mobile/mobile_step_wall_corner_convex_b.fbx
  artifactKey: Guid(8e7c736209bbe448a86e687d55c0d679) Importer(815301076,1909f56bfc062723c751e8b465ee728b)
Start importing Assets/Models/Mobile/mobile_step_wall_corner_convex_b.fbx using Guid(8e7c736209bbe448a86e687d55c0d679) Importer(815301076,1909f56bfc062723c751e8b465ee728b)  -> (artifact id: 'c0d367b09e588c1d7e4d1ada981632ac') in 0.025727 seconds
Number of updated asset objects reloaded before import = 0
Number of asset objects unloaded after import = 9
========================================================================
Received Import Request.
  Time since last request: 0.000056 seconds.
  path: Assets/Models/Mobile/mobile_step_wall_pillar.fbx
  artifactKey: Guid(b1116571e66e141eba1cd8b6299415d9) Importer(815301076,1909f56bfc062723c751e8b465ee728b)
Start importing Assets/Models/Mobile/mobile_step_wall_pillar.fbx using Guid(b1116571e66e141eba1cd8b6299415d9) Importer(815301076,1909f56bfc062723c751e8b465ee728b)  -> (artifact id: '00a812d0869e56561a12e0597adad5d0') in 0.021272 seconds
Number of updated asset objects reloaded before import = 0
Number of asset objects unloaded after import = 9
========================================================================
Received Import Request.
  Time since last request: 0.000051 seconds.
  path: Assets/Models/Mobile/mobile_stair_bottom_2_wide.fbx
  artifactKey: Guid(934294656f0044172928d6baaa47f20a) Importer(815301076,1909f56bfc062723c751e8b465ee728b)
Start importing Assets/Models/Mobile/mobile_stair_bottom_2_wide.fbx using Guid(934294656f0044172928d6baaa47f20a) Importer(815301076,1909f56bfc062723c751e8b465ee728b)  -> (artifact id: '4b7082a0fd274a4dbf409418d54fee95') in 0.021625 seconds
Number of updated asset objects reloaded before import = 0
Number of asset objects unloaded after import = 9
========================================================================
Received Import Request.
  Time since last request: 0.000044 seconds.
  path: Assets/Models/Mobile/mobile_lower_wall_pillar.fbx
  artifactKey: Guid(d49fb0e48bfff4a3fa435ae077228d69) Importer(815301076,1909f56bfc062723c751e8b465ee728b)
Start importing Assets/Models/Mobile/mobile_lower_wall_pillar.fbx using Guid(d49fb0e48bfff4a3fa435ae077228d69) Importer(815301076,1909f56bfc062723c751e8b465ee728b)  -> (artifact id: '78a4e85981875f10478ffbf89bc00745') in 0.019497 seconds
Number of updated asset objects reloaded before import = 0
Number of asset objects unloaded after import = 9
========================================================================
Received Import Request.
  Time since last request: 0.000044 seconds.
  path: Assets/Models/Mobile/mobile_pillar_02.fbx
  artifactKey: Guid(db89d79ce580949119bf14c89fb9e6b8) Importer(815301076,1909f56bfc062723c751e8b465ee728b)
Start importing Assets/Models/Mobile/mobile_pillar_02.fbx using Guid(db89d79ce580949119bf14c89fb9e6b8) Importer(815301076,1909f56bfc062723c751e8b465ee728b)  -> (artifact id: 'd3615f0e87b4155f5058a0ab53fa5d9c') in 0.017936 seconds
Number of updated asset objects reloaded before import = 0
Number of asset objects unloaded after import = 9
========================================================================
Received Import Request.
  Time since last request: 0.000045 seconds.
  path: Assets/Models/Mobile/mobile_skull_02.fbx
  artifactKey: Guid(fa2990dac41e143049d19d4eb1d85961) Importer(815301076,1909f56bfc062723c751e8b465ee728b)
Start importing Assets/Models/Mobile/mobile_skull_02.fbx using Guid(fa2990dac41e143049d19d4eb1d85961) Importer(815301076,1909f56bfc062723c751e8b465ee728b)  -> (artifact id: '867f16f4bd412e167277570802c8bdc1') in 0.021521 seconds
Number of updated asset objects reloaded before import = 0
Number of asset objects unloaded after import = 9
========================================================================
Received Import Request.
  Time since last request: 0.000056 seconds.
  path: Assets/Models/Mobile/mobile_skull_01.fbx
  artifactKey: Guid(955609efbfb4d4aa08358aa9449b2395) Importer(815301076,1909f56bfc062723c751e8b465ee728b)
Start importing Assets/Models/Mobile/mobile_skull_01.fbx using Guid(955609efbfb4d4aa08358aa9449b2395) Importer(815301076,1909f56bfc062723c751e8b465ee728b)  -> (artifact id: '331d59356ed43179b47c1ce5c4197c58') in 0.019435 seconds
Number of updated asset objects reloaded before import = 0
Number of asset objects unloaded after import = 9
========================================================================
Received Import Request.
  Time since last request: 0.000041 seconds.
  path: Assets/Models/Mobile/mobile_scaffolding_01.fbx
  artifactKey: Guid(cae96bbb613f04b1fae123c7e8cd2e68) Importer(815301076,1909f56bfc062723c751e8b465ee728b)
Start importing Assets/Models/Mobile/mobile_scaffolding_01.fbx using Guid(cae96bbb613f04b1fae123c7e8cd2e68) Importer(815301076,1909f56bfc062723c751e8b465ee728b)  -> (artifact id: '116877aba078490d9a424f87dff41f0d') in 0.021097 seconds
Number of updated asset objects reloaded before import = 0
Number of asset objects unloaded after import = 9
========================================================================
Received Import Request.
  Time since last request: 0.000056 seconds.
  path: Assets/Models/Mobile/mobile_floor_01.fbx
  artifactKey: Guid(d4aba4894786946fcbdcd08c47c95d0c) Importer(815301076,1909f56bfc062723c751e8b465ee728b)
Start importing Assets/Models/Mobile/mobile_floor_01.fbx using Guid(d4aba4894786946fcbdcd08c47c95d0c) Importer(815301076,1909f56bfc062723c751e8b465ee728b)  -> (artifact id: '147a502f7fa50ea895900b8578f6b42d') in 0.026784 seconds
Number of updated asset objects reloaded before import = 0
Number of asset objects unloaded after import = 9
========================================================================
Received Import Request.
  Time since last request: 0.000068 seconds.
  path: Assets/Models/Mobile/mobile_rocks_03.fbx
  artifactKey: Guid(8aceca75cbe854558b931259231d7151) Importer(815301076,1909f56bfc062723c751e8b465ee728b)
Start importing Assets/Models/Mobile/mobile_rocks_03.fbx using Guid(8aceca75cbe854558b931259231d7151) Importer(815301076,1909f56bfc062723c751e8b465ee728b)  -> (artifact id: '62835e8a4cd627bb59c4094979b43d98') in 0.026425 seconds
Number of updated asset objects reloaded before import = 0
Number of asset objects unloaded after import = 9
Editor requested this worker to shutdown with reason: Scaling down because of idle timeout
TcpMessagingSession - receive error: operation aborted. errorcode: 89, details: Operation aborted.
AssetImportWorker is now disconnected from the server
Process exiting
